<?xml version="1.0" encoding="UTF-8"?>
<!-- Generated by org.testng.reporters.JUnitXMLReporter -->
<testsuite hostname="DESKTOP-QTN1F52" ignored="0" name="Default test" tests="3" failures="0" timestamp="21 Sep 2020 07:07:40 GMT" time="44.411" errors="0">
  <testcase name="Login" time="14.936" classname="com.login.excelReadbasic.ExcelReadBasic"/>
  <testcase name="Login" time="14.699" classname="com.login.excelReadbasic.ExcelReadBasic"/>
  <testcase name="Login" time="14.727" classname="com.login.excelReadbasic.ExcelReadBasic"/>
</testsuite> <!-- Default test -->
