<?xml version="1.0" encoding="UTF-8"?>
<!-- Generated by org.testng.reporters.JUnitXMLReporter -->
<testsuite hostname="DESKTOP-QTN1F52" ignored="0" name="ExcelReadBasic" tests="1" failures="1" timestamp="21 Sep 2020 07:05:24 GMT" time="0.036" errors="0">
  <testcase name="Login" time="0.0" classname="com.login.excelReadbasic.ExcelReadBasic">
    <failure type="org.testng.TestNGException" message="
Some DataProvider public java.lang.Object[][] com.login.excelReadbasic.ExcelReadBasic.passData(java.lang.String,java.lang.String) parameters unresolved:  at 0 type class java.lang.String
 at 1 type class java.lang.String
">
      <![CDATA[org.testng.TestNGException: 
Some DataProvider public java.lang.Object[][] com.login.excelReadbasic.ExcelReadBasic.passData(java.lang.String,java.lang.String) parameters unresolved:  at 0 type class java.lang.String
 at 1 type class java.lang.String

... Removed 23 stack frames]]>
    </failure>
  </testcase> <!-- Login -->
</testsuite> <!-- ExcelReadBasic -->
