<?xml version="1.0" encoding="UTF-8"?>
<testng-results skipped="0" failed="0" ignored="0" total="0" passed="0">
  <reporter-output>
  </reporter-output>
  <suite name="Data Driven Excel Basics" duration-ms="686" started-at="2020-09-21T12:52:43Z" finished-at="2020-09-21T12:52:43Z">
    <groups>
    </groups>
    <test name="ExcelReadBasic" duration-ms="686" started-at="2020-09-21T12:52:43Z" finished-at="2020-09-21T12:52:43Z">
    </test> <!-- ExcelReadBasic -->
  </suite> <!-- Data Driven Excel Basics -->
</testng-results>
