<?xml version="1.0" encoding="UTF-8"?>
<testng-results skipped="0" failed="0" ignored="0" total="3" passed="3">
  <reporter-output>
  </reporter-output>
  <suite name="Default suite" duration-ms="44411" started-at="2020-09-21T07:06:55Z" finished-at="2020-09-21T07:07:40Z">
    <groups>
    </groups>
    <test name="Default test" duration-ms="44411" started-at="2020-09-21T07:06:55Z" finished-at="2020-09-21T07:07:40Z">
      <class name="com.login.excelReadbasic.ExcelReadBasic">
        <test-method status="PASS" signature="Login(java.lang.String, java.lang.String)[pri:0, instance:com.login.excelReadbasic.ExcelReadBasic@794cb805]" name="Login" duration-ms="14936" started-at="2020-09-21T07:06:55Z" data-provider="openMRSLoginData" finished-at="2020-09-21T07:07:10Z">
          <params>
            <param index="0">
              <value>
                <![CDATA[Admin1]]>
              </value>
            </param>
            <param index="1">
              <value>
                <![CDATA[Admin123]]>
              </value>
            </param>
          </params>
          <reporter-output>
          </reporter-output>
        </test-method> <!-- Login -->
        <test-method status="PASS" signature="Login(java.lang.String, java.lang.String)[pri:0, instance:com.login.excelReadbasic.ExcelReadBasic@794cb805]" name="Login" duration-ms="14699" started-at="2020-09-21T07:07:10Z" data-provider="openMRSLoginData" finished-at="2020-09-21T07:07:25Z">
          <params>
            <param index="0">
              <value>
                <![CDATA[Admin]]>
              </value>
            </param>
            <param index="1">
              <value>
                <![CDATA[Admin123]]>
              </value>
            </param>
          </params>
          <reporter-output>
          </reporter-output>
        </test-method> <!-- Login -->
        <test-method status="PASS" signature="Login(java.lang.String, java.lang.String)[pri:0, instance:com.login.excelReadbasic.ExcelReadBasic@794cb805]" name="Login" duration-ms="14727" started-at="2020-09-21T07:07:25Z" data-provider="openMRSLoginData" finished-at="2020-09-21T07:07:40Z">
          <params>
            <param index="0">
              <value>
                <![CDATA[Admin2]]>
              </value>
            </param>
            <param index="1">
              <value>
                <![CDATA[Admin123]]>
              </value>
            </param>
          </params>
          <reporter-output>
          </reporter-output>
        </test-method> <!-- Login -->
      </class> <!-- com.login.excelReadbasic.ExcelReadBasic -->
    </test> <!-- Default test -->
  </suite> <!-- Default suite -->
</testng-results>
